CRITICAL - 2024-12-05 17:46:44 --> Error: Undefined constant "App\Models\UserModel"
in APPPATH\Views\allUsers.php on line 10.
 1 SYSTEMPATH\View\View.php(228): include()
 2 SYSTEMPATH\View\View.php(231): CodeIgniter\View\View->CodeIgniter\View\{closure}()
 3 SYSTEMPATH\Common.php(1178): CodeIgniter\View\View->render('allUsers', [], true)
 4 APPPATH\Controllers\Home.php(23): view('allUsers', [...])
 5 SYSTEMPATH\CodeIgniter.php(941): App\Controllers\Home->allUsers()
 6 SYSTEMPATH\CodeIgniter.php(502): CodeIgniter\CodeIgniter->runController(Object(App\Controllers\Home))
 7 SYSTEMPATH\CodeIgniter.php(361): CodeIgniter\CodeIgniter->handleRequest(null, Object(Config\Cache), false)
 8 FCPATH\index.php(80): CodeIgniter\CodeIgniter->run()
CRITICAL - 2024-12-05 18:51:50 --> Error: Call to undefined method CodeIgniter\Router\RouteCollection::geGGGGt()
in APPPATH\Config\Routes.php on line 12.
 1 SYSTEMPATH\Router\RouteCollection.php(344): require()
 2 SYSTEMPATH\CodeIgniter.php(810): CodeIgniter\Router\RouteCollection->loadRoutes()
 3 SYSTEMPATH\CodeIgniter.php(450): CodeIgniter\CodeIgniter->tryToRouteIt(null)
 4 SYSTEMPATH\CodeIgniter.php(361): CodeIgniter\CodeIgniter->handleRequest(null, Object(Config\Cache), false)
 5 FCPATH\index.php(80): CodeIgniter\CodeIgniter->run()
ERROR - 2024-12-05 19:08:05 --> mysqli_sql_exception: Column 'nom' cannot be null in C:\xampp\htdocs\ExerciceCI\system\Database\MySQLi\Connection.php:306
Stack trace:
#0 C:\xampp\htdocs\ExerciceCI\system\Database\MySQLi\Connection.php(306): mysqli->query('INSERT INTO `us...', 0)
#1 C:\xampp\htdocs\ExerciceCI\system\Database\BaseConnection.php(693): CodeIgniter\Database\MySQLi\Connection->execute('INSERT INTO `us...')
#2 C:\xampp\htdocs\ExerciceCI\system\Database\BaseConnection.php(607): CodeIgniter\Database\BaseConnection->simpleQuery('INSERT INTO `us...')
#3 C:\xampp\htdocs\ExerciceCI\system\Database\BaseBuilder.php(2302): CodeIgniter\Database\BaseConnection->query('INSERT INTO `us...', Array, false)
#4 C:\xampp\htdocs\ExerciceCI\system\Model.php(326): CodeIgniter\Database\BaseBuilder->insert()
#5 C:\xampp\htdocs\ExerciceCI\system\BaseModel.php(802): CodeIgniter\Model->doInsert(Array)
#6 C:\xampp\htdocs\ExerciceCI\system\Model.php(744): CodeIgniter\BaseModel->insert(Array, false)
#7 C:\xampp\htdocs\ExerciceCI\system\BaseModel.php(713): CodeIgniter\Model->insert(Array, false)
#8 C:\xampp\htdocs\ExerciceCI\app\Controllers\Home.php(37): CodeIgniter\BaseModel->save(Array)
#9 C:\xampp\htdocs\ExerciceCI\system\CodeIgniter.php(941): App\Controllers\Home->createUsers()
#10 C:\xampp\htdocs\ExerciceCI\system\CodeIgniter.php(502): CodeIgniter\CodeIgniter->runController(Object(App\Controllers\Home))
#11 C:\xampp\htdocs\ExerciceCI\system\CodeIgniter.php(361): CodeIgniter\CodeIgniter->handleRequest(NULL, Object(Config\Cache), false)
#12 C:\xampp\htdocs\ExerciceCI\index.php(80): CodeIgniter\CodeIgniter->run()
#13 {main}
CRITICAL - 2024-12-05 19:08:05 --> CodeIgniter\Database\Exceptions\DatabaseException: Column 'nom' cannot be null
in SYSTEMPATH\Database\BaseConnection.php on line 647.
 1 SYSTEMPATH\Database\BaseBuilder.php(2302): CodeIgniter\Database\BaseConnection->query('INSERT INTO `users` (`nom`, `prenom`) VALUES (:nom:, :prenom:)', [...], false)
 2 SYSTEMPATH\Model.php(326): CodeIgniter\Database\BaseBuilder->insert()
 3 SYSTEMPATH\BaseModel.php(802): CodeIgniter\Model->doInsert([...])
 4 SYSTEMPATH\Model.php(744): CodeIgniter\BaseModel->insert([...], false)
 5 SYSTEMPATH\BaseModel.php(713): CodeIgniter\Model->insert([...], false)
 6 APPPATH\Controllers\Home.php(37): CodeIgniter\BaseModel->save([...])
 7 SYSTEMPATH\CodeIgniter.php(941): App\Controllers\Home->createUsers()
 8 SYSTEMPATH\CodeIgniter.php(502): CodeIgniter\CodeIgniter->runController(Object(App\Controllers\Home))
 9 SYSTEMPATH\CodeIgniter.php(361): CodeIgniter\CodeIgniter->handleRequest(null, Object(Config\Cache), false)
10 FCPATH\index.php(80): CodeIgniter\CodeIgniter->run()
CRITICAL - 2024-12-05 19:08:05 --> [Caused by] CodeIgniter\Database\Exceptions\DatabaseException: Column 'nom' cannot be null
in SYSTEMPATH\Database\MySQLi\Connection.php on line 311.
 1 SYSTEMPATH\Database\BaseConnection.php(693): CodeIgniter\Database\MySQLi\Connection->execute('INSERT INTO `users` (`nom`, `prenom`) VALUES (NULL, NULL)')
 2 SYSTEMPATH\Database\BaseConnection.php(607): CodeIgniter\Database\BaseConnection->simpleQuery('INSERT INTO `users` (`nom`, `prenom`) VALUES (NULL, NULL)')
 3 SYSTEMPATH\Database\BaseBuilder.php(2302): CodeIgniter\Database\BaseConnection->query('INSERT INTO `users` (`nom`, `prenom`) VALUES (:nom:, :prenom:)', [...], false)
 4 SYSTEMPATH\Model.php(326): CodeIgniter\Database\BaseBuilder->insert()
 5 SYSTEMPATH\BaseModel.php(802): CodeIgniter\Model->doInsert([...])
 6 SYSTEMPATH\Model.php(744): CodeIgniter\BaseModel->insert([...], false)
 7 SYSTEMPATH\BaseModel.php(713): CodeIgniter\Model->insert([...], false)
 8 APPPATH\Controllers\Home.php(37): CodeIgniter\BaseModel->save([...])
 9 SYSTEMPATH\CodeIgniter.php(941): App\Controllers\Home->createUsers()
10 SYSTEMPATH\CodeIgniter.php(502): CodeIgniter\CodeIgniter->runController(Object(App\Controllers\Home))
11 SYSTEMPATH\CodeIgniter.php(361): CodeIgniter\CodeIgniter->handleRequest(null, Object(Config\Cache), false)
12 FCPATH\index.php(80): CodeIgniter\CodeIgniter->run()
CRITICAL - 2024-12-05 19:08:05 --> [Caused by] mysqli_sql_exception: Column 'nom' cannot be null
in SYSTEMPATH\Database\MySQLi\Connection.php on line 306.
 1 SYSTEMPATH\Database\MySQLi\Connection.php(306): mysqli->query('INSERT INTO `users` (`nom`, `prenom`) VALUES (NULL, NULL)', 0)
 2 SYSTEMPATH\Database\BaseConnection.php(693): CodeIgniter\Database\MySQLi\Connection->execute('INSERT INTO `users` (`nom`, `prenom`) VALUES (NULL, NULL)')
 3 SYSTEMPATH\Database\BaseConnection.php(607): CodeIgniter\Database\BaseConnection->simpleQuery('INSERT INTO `users` (`nom`, `prenom`) VALUES (NULL, NULL)')
 4 SYSTEMPATH\Database\BaseBuilder.php(2302): CodeIgniter\Database\BaseConnection->query('INSERT INTO `users` (`nom`, `prenom`) VALUES (:nom:, :prenom:)', [...], false)
 5 SYSTEMPATH\Model.php(326): CodeIgniter\Database\BaseBuilder->insert()
 6 SYSTEMPATH\BaseModel.php(802): CodeIgniter\Model->doInsert([...])
 7 SYSTEMPATH\Model.php(744): CodeIgniter\BaseModel->insert([...], false)
 8 SYSTEMPATH\BaseModel.php(713): CodeIgniter\Model->insert([...], false)
 9 APPPATH\Controllers\Home.php(37): CodeIgniter\BaseModel->save([...])
10 SYSTEMPATH\CodeIgniter.php(941): App\Controllers\Home->createUsers()
11 SYSTEMPATH\CodeIgniter.php(502): CodeIgniter\CodeIgniter->runController(Object(App\Controllers\Home))
12 SYSTEMPATH\CodeIgniter.php(361): CodeIgniter\CodeIgniter->handleRequest(null, Object(Config\Cache), false)
13 FCPATH\index.php(80): CodeIgniter\CodeIgniter->run()
