CRITICAL - 2025-01-09 17:02:14 --> CodeIgniter\Exceptions\FrameworkException: The framework needs the following extension(s) installed and loaded: intl.
in SYSTEMPATH\CodeIgniter.php on line 252.
 1 SYSTEMPATH\CodeIgniter.php(252): CodeIgniter\Exceptions\FrameworkException::forMissingExtension('intl')
 2 SYSTEMPATH\CodeIgniter.php(214): CodeIgniter\CodeIgniter->resolvePlatformExtensions()
 3 FCPATH\index.php(68): CodeIgniter\CodeIgniter->initialize()
CRITICAL - 2025-01-09 17:02:14 --> ErrorException: Uncaught Error: Class "Locale" not found in F:\Xampp\htdocs\ExerciceCI\system\Helpers\number_helper.php:137
Stack trace:
#0 F:\Xampp\htdocs\ExerciceCI\system\Helpers\number_helper.php(56): format_number(4.0, 2, NULL, Array)
#1 F:\Xampp\htdocs\ExerciceCI\system\Debug\BaseExceptionHandler.php(152): number_to_size(4.0, 2)
#2 F:\Xampp\htdocs\ExerciceCI\app\Views\errors\html\error_exception.php(384): CodeIgniter\Debug\BaseExceptionHandler::describeMemory(4194304)
#3 F:\Xampp\htdocs\ExerciceCI\system\Debug\BaseExceptionHandler.php(248): include('F:\\Xampp\\htdocs...')
#4 F:\Xampp\htdocs\ExerciceCI\system\Debug\BaseExceptionHandler.php(251): CodeIgniter\Debug\BaseExceptionHandler->CodeIgniter\Debug\{closure}()
#5 F:\Xampp\htdocs\ExerciceCI\system\Debug\ExceptionHandler.php(112): CodeIgniter\Debug\BaseExceptionHandler->render(Object(CodeIgniter\Exceptions\FrameworkException), 500, 'F:\\Xampp\\htdocs...')
#6 F:\Xampp\htdocs\ExerciceCI\system\Debug\Exceptions.php(156): CodeIgniter\Debug\ExceptionHandler->handle(Object(CodeIgniter\Exceptions\FrameworkException), Object(CodeIgniter\HTTP\IncomingRequest), Object(CodeIgniter\HTTP\Response), 500, 1)
#7 [internal function]: CodeIgniter\Debug\Exceptions->exceptionHandler(Object(CodeIgniter\Exceptions\FrameworkException))
#8 {main}
  thrown
ã€Previous Exceptionã€‘
CodeIgniter\Exceptions\FrameworkException
The framework needs the following extension(s) installed and loaded: intl.
#0 F:\Xampp\htdocs\ExerciceCI\system\CodeIgniter.php(252): CodeIgniter\Exceptions\FrameworkException::forMissingExtension('intl')
#1 F:\Xampp\htdocs\ExerciceCI\system\CodeIgniter.php(214): CodeIgniter\CodeIgniter->resolvePlatformExtensions()
#2 F:\Xampp\htdocs\ExerciceCI\index.php(68): CodeIgniter\CodeIgniter->initialize()
#3 {main}
in SYSTEMPATH\Helpers\number_helper.php on line 137.
 1 [internal function]: CodeIgniter\Debug\Exceptions->shutdownHandler()
CRITICAL - 2025-01-09 17:46:13 --> ParseError: syntax error, unexpected token ";", expecting "]"
in APPPATH\Controllers\JavascriptController.php on line 20.
 1 SYSTEMPATH\Autoloader\Autoloader.php(288): CodeIgniter\Autoloader\Autoloader->includeFile('F:\\Xampp\\htdocs\\ExerciceCI\\app\\Controllers\\JavascriptController.php')
 2 SYSTEMPATH\Autoloader\Autoloader.php(266): CodeIgniter\Autoloader\Autoloader->loadInNamespace('App\\Controllers\\JavascriptController')
 3 [internal function]: CodeIgniter\Autoloader\Autoloader->loadClass('App\\Controllers\\JavascriptController')
 4 SYSTEMPATH\CodeIgniter.php(899): class_exists('\\App\\Controllers\\JavascriptController', true)
 5 SYSTEMPATH\CodeIgniter.php(489): CodeIgniter\CodeIgniter->startController()
 6 SYSTEMPATH\CodeIgniter.php(361): CodeIgniter\CodeIgniter->handleRequest(null, Object(Config\Cache), false)
 7 FCPATH\index.php(80): CodeIgniter\CodeIgniter->run()
CRITICAL - 2025-01-09 17:47:25 --> ParseError: syntax error, unexpected token ";", expecting "]"
in APPPATH\Controllers\JavascriptController.php on line 20.
 1 SYSTEMPATH\Autoloader\Autoloader.php(288): CodeIgniter\Autoloader\Autoloader->includeFile('F:\\Xampp\\htdocs\\ExerciceCI\\app\\Controllers\\JavascriptController.php')
 2 SYSTEMPATH\Autoloader\Autoloader.php(266): CodeIgniter\Autoloader\Autoloader->loadInNamespace('App\\Controllers\\JavascriptController')
 3 [internal function]: CodeIgniter\Autoloader\Autoloader->loadClass('App\\Controllers\\JavascriptController')
 4 SYSTEMPATH\CodeIgniter.php(899): class_exists('\\App\\Controllers\\JavascriptController', true)
 5 SYSTEMPATH\CodeIgniter.php(489): CodeIgniter\CodeIgniter->startController()
 6 SYSTEMPATH\CodeIgniter.php(361): CodeIgniter\CodeIgniter->handleRequest(null, Object(Config\Cache), false)
 7 FCPATH\index.php(80): CodeIgniter\CodeIgniter->run()
CRITICAL - 2025-01-09 17:47:25 --> ParseError: syntax error, unexpected token ";", expecting "]"
in APPPATH\Controllers\JavascriptController.php on line 20.
 1 SYSTEMPATH\Autoloader\Autoloader.php(288): CodeIgniter\Autoloader\Autoloader->includeFile('F:\\Xampp\\htdocs\\ExerciceCI\\app\\Controllers\\JavascriptController.php')
 2 SYSTEMPATH\Autoloader\Autoloader.php(266): CodeIgniter\Autoloader\Autoloader->loadInNamespace('App\\Controllers\\JavascriptController')
 3 [internal function]: CodeIgniter\Autoloader\Autoloader->loadClass('App\\Controllers\\JavascriptController')
 4 SYSTEMPATH\CodeIgniter.php(899): class_exists('\\App\\Controllers\\JavascriptController', true)
 5 SYSTEMPATH\CodeIgniter.php(489): CodeIgniter\CodeIgniter->startController()
 6 SYSTEMPATH\CodeIgniter.php(361): CodeIgniter\CodeIgniter->handleRequest(null, Object(Config\Cache), false)
 7 FCPATH\index.php(80): CodeIgniter\CodeIgniter->run()
CRITICAL - 2025-01-09 17:47:26 --> ParseError: syntax error, unexpected token ";", expecting "]"
in APPPATH\Controllers\JavascriptController.php on line 20.
 1 SYSTEMPATH\Autoloader\Autoloader.php(288): CodeIgniter\Autoloader\Autoloader->includeFile('F:\\Xampp\\htdocs\\ExerciceCI\\app\\Controllers\\JavascriptController.php')
 2 SYSTEMPATH\Autoloader\Autoloader.php(266): CodeIgniter\Autoloader\Autoloader->loadInNamespace('App\\Controllers\\JavascriptController')
 3 [internal function]: CodeIgniter\Autoloader\Autoloader->loadClass('App\\Controllers\\JavascriptController')
 4 SYSTEMPATH\CodeIgniter.php(899): class_exists('\\App\\Controllers\\JavascriptController', true)
 5 SYSTEMPATH\CodeIgniter.php(489): CodeIgniter\CodeIgniter->startController()
 6 SYSTEMPATH\CodeIgniter.php(361): CodeIgniter\CodeIgniter->handleRequest(null, Object(Config\Cache), false)
 7 FCPATH\index.php(80): CodeIgniter\CodeIgniter->run()
CRITICAL - 2025-01-09 17:47:26 --> ParseError: syntax error, unexpected token ";", expecting "]"
in APPPATH\Controllers\JavascriptController.php on line 20.
 1 SYSTEMPATH\Autoloader\Autoloader.php(288): CodeIgniter\Autoloader\Autoloader->includeFile('F:\\Xampp\\htdocs\\ExerciceCI\\app\\Controllers\\JavascriptController.php')
 2 SYSTEMPATH\Autoloader\Autoloader.php(266): CodeIgniter\Autoloader\Autoloader->loadInNamespace('App\\Controllers\\JavascriptController')
 3 [internal function]: CodeIgniter\Autoloader\Autoloader->loadClass('App\\Controllers\\JavascriptController')
 4 SYSTEMPATH\CodeIgniter.php(899): class_exists('\\App\\Controllers\\JavascriptController', true)
 5 SYSTEMPATH\CodeIgniter.php(489): CodeIgniter\CodeIgniter->startController()
 6 SYSTEMPATH\CodeIgniter.php(361): CodeIgniter\CodeIgniter->handleRequest(null, Object(Config\Cache), false)
 7 FCPATH\index.php(80): CodeIgniter\CodeIgniter->run()
CRITICAL - 2025-01-09 17:47:42 --> ParseError: syntax error, unexpected token ";", expecting "]"
in APPPATH\Controllers\JavascriptController.php on line 20.
 1 SYSTEMPATH\Autoloader\Autoloader.php(288): CodeIgniter\Autoloader\Autoloader->includeFile('F:\\Xampp\\htdocs\\ExerciceCI\\app\\Controllers\\JavascriptController.php')
 2 SYSTEMPATH\Autoloader\Autoloader.php(266): CodeIgniter\Autoloader\Autoloader->loadInNamespace('App\\Controllers\\JavascriptController')
 3 [internal function]: CodeIgniter\Autoloader\Autoloader->loadClass('App\\Controllers\\JavascriptController')
 4 SYSTEMPATH\CodeIgniter.php(899): class_exists('\\App\\Controllers\\JavascriptController', true)
 5 SYSTEMPATH\CodeIgniter.php(489): CodeIgniter\CodeIgniter->startController()
 6 SYSTEMPATH\CodeIgniter.php(361): CodeIgniter\CodeIgniter->handleRequest(null, Object(Config\Cache), false)
 7 FCPATH\index.php(80): CodeIgniter\CodeIgniter->run()
